This file contains any messages produced by compilers while
running configure, to aid debugging if configure makes a mistake.

It was created by Mesa configure 18.3.6, which was
generated by GNU Autoconf 2.69.  Invocation command line was

  $ ./configure 

## --------- ##
## Platform. ##
## --------- ##

hostname = user
uname -m = x86_64
uname -r = 4.19.0-25-amd64
uname -s = Linux
uname -v = #1 SMP Debian 4.19.289-2 (2023-08-08)

/usr/bin/uname -p = unknown
/bin/uname -X     = unknown

/bin/arch              = x86_64
/usr/bin/arch -k       = unknown
/usr/convex/getsysinfo = unknown
/usr/bin/hostinfo      = unknown
/bin/machine           = unknown
/usr/bin/oslevel       = unknown
/bin/universe          = unknown

PATH: /home/shiji/bin
PATH: /home/shiji/vim9//bin
PATH: /usr/lib/llvm-7/bin
PATH: /home/shiji/python38/bin
PATH: /home/shiji/mesa-18.3.6/build/src/compiler/glsl/glcpp/
PATH: /home/shiji/new_mesa-18.3.6/mesa-18.3.6/build/install/lib/
PATH: /home/shiji/new_mesa-18.3.6/mesa-18.3.6/build/install/lib//dri
PATH: /home/shiji/new_mesa-18.3.6/mesa-18.3.6/build/install/lib//../bin
PATH: /home/shiji/drm/install/lib/x86_64-linux-gnu
PATH: /usr/local/bin
PATH: /usr/bin
PATH: /bin
PATH: /usr/local/games
PATH: /usr/games


## ----------- ##
## Core tests. ##
## ----------- ##

configure:3445: checking build system type
configure:3459: result: x86_64-pc-linux-gnu
configure:3479: checking host system type
configure:3492: result: x86_64-pc-linux-gnu
configure:3512: checking target system type
configure:3525: result: x86_64-pc-linux-gnu
configure:3568: checking for a BSD-compatible install
configure:3636: result: /usr/bin/install -c
configure:3647: checking whether build environment is sane
configure:3702: result: yes
configure:3851: checking for a thread-safe mkdir -p
configure:3890: result: /usr/bin/mkdir -p
configure:3897: checking for gawk
configure:3927: result: no
configure:3897: checking for mawk
configure:3913: found /usr/bin/mawk
configure:3924: result: mawk
configure:3935: checking whether make sets $(MAKE)
configure:3957: result: yes
configure:3986: checking whether make supports nested variables
configure:4003: result: yes
configure:4092: checking whether UID '1001' is supported by ustar format
configure:4095: result: yes
configure:4102: checking whether GID '1001' is supported by ustar format
configure:4105: result: yes
configure:4113: checking how to create a ustar tar archive
configure:4124: tar --version
tar (GNU tar) 1.30
Copyright (C) 2017 Free Software Foundation, Inc.
License GPLv3+: GNU GPL version 3 or later <https://gnu.org/licenses/gpl.html>.
This is free software: you are free to change and redistribute it.
There is NO WARRANTY, to the extent permitted by law.

Written by John Gilmore and Jay Fenlason.
configure:4127: $? = 0
configure:4167: tardir=conftest.dir && eval tar --format=ustar -chf - "$tardir" >conftest.tar
configure:4170: $? = 0
configure:4174: tar -xf - <conftest.tar
configure:4177: $? = 0
configure:4179: cat conftest.dir/file
GrepMe
configure:4182: $? = 0
configure:4195: result: gnutar
configure:4266: checking whether make supports nested variables
configure:4283: result: yes
configure:4299: checking whether make supports the include directive
configure:4314: make -f confmf.GNU && cat confinc.out
this is the am__doit target
configure:4317: $? = 0
configure:4336: result: yes (GNU style)
configure:4406: checking for gcc
configure:4422: found /usr/bin/gcc
configure:4433: result: gcc
configure:4662: checking for C compiler version
configure:4671: gcc --version >&5
gcc (Debian 10.2.1-6) 10.2.1 20210110
Copyright (C) 2020 Free Software Foundation, Inc.
This is free software; see the source for copying conditions.  There is NO
warranty; not even for MERCHANTABILITY or FITNESS FOR A PARTICULAR PURPOSE.

configure:4682: $? = 0
configure:4671: gcc -v >&5
Using built-in specs.
COLLECT_GCC=gcc
COLLECT_LTO_WRAPPER=/usr/lib/gcc/x86_64-linux-gnu/10/lto-wrapper
OFFLOAD_TARGET_NAMES=nvptx-none:amdgcn-amdhsa:hsa
OFFLOAD_TARGET_DEFAULT=1
Target: x86_64-linux-gnu
Configured with: ../src/configure -v --with-pkgversion='Debian 10.2.1-6' --with-bugurl=file:///usr/share/doc/gcc-10/README.Bugs --enable-languages=c,ada,c++,go,brig,d,fortran,objc,obj-c++,m2 --prefix=/usr --with-gcc-major-version-only --program-suffix=-10 --program-prefix=x86_64-linux-gnu- --enable-shared --enable-linker-build-id --libexecdir=/usr/lib --without-included-gettext --enable-threads=posix --libdir=/usr/lib --enable-nls --enable-bootstrap --enable-clocale=gnu --enable-libstdcxx-debug --enable-libstdcxx-time=yes --with-default-libstdcxx-abi=new --enable-gnu-unique-object --disable-vtable-verify --enable-plugin --enable-default-pie --with-system-zlib --enable-libphobos-checking=release --with-target-system-zlib=auto --enable-objc-gc=auto --enable-multiarch --disable-werror --with-arch-32=i686 --with-abi=m64 --with-multilib-list=m32,m64,mx32 --enable-multilib --with-tune=generic --enable-offload-targets=nvptx-none=/build/gcc-10-Km9U7s/gcc-10-10.2.1/debian/tmp-nvptx/usr,amdgcn-amdhsa=/build/gcc-10-Km9U7s/gcc-10-10.2.1/debian/tmp-gcn/usr,hsa --without-cuda-driver --enable-checking=release --build=x86_64-linux-gnu --host=x86_64-linux-gnu --target=x86_64-linux-gnu --with-build-config=bootstrap-lto-lean --enable-link-mutex
Thread model: posix
Supported LTO compression algorithms: zlib zstd
gcc version 10.2.1 20210110 (Debian 10.2.1-6) 
... rest of stderr output deleted ...
configure:4682: $? = 0
configure:4671: gcc -V >&5
gcc: error: unrecognized command-line option '-V'
gcc: fatal error: no input files
compilation terminated.
configure:4682: $? = 1
configure:4671: gcc -qversion >&5
gcc: error: unrecognized command-line option '-qversion'; did you mean '--version'?
gcc: fatal error: no input files
compilation terminated.
configure:4682: $? = 1
configure:4702: checking whether the C compiler works
configure:4724: gcc    conftest.c  >&5
configure:4728: $? = 0
configure:4776: result: yes
configure:4779: checking for C compiler default output file name
configure:4781: result: a.out
configure:4787: checking for suffix of executables
configure:4794: gcc -o conftest    conftest.c  >&5
configure:4798: $? = 0
configure:4820: result: 
configure:4842: checking whether we are cross compiling
configure:4850: gcc -o conftest    conftest.c  >&5
configure:4854: $? = 0
configure:4861: ./conftest
configure:4865: $? = 0
configure:4853: result: no
configure:4858: checking for suffix of object files
configure:4880: gcc -c   conftest.c >&5
configure:4884: $? = 0
configure:4905: result: o
configure:4909: checking whether we are using the GNU C compiler
configure:4928: gcc -c   conftest.c >&5
configure:4928: $? = 0
configure:4937: result: yes
configure:4946: checking whether gcc accepts -g
configure:4966: gcc -c -g  conftest.c >&5
configure:4966: $? = 0
configure:5007: result: yes
configure:5024: checking for gcc option to accept ISO C89
configure:5087: gcc  -c -g -O2  conftest.c >&5
configure:5087: $? = 0
configure:5100: result: none needed
configure:5125: checking whether gcc understands -c and -o together
configure:5147: gcc -c conftest.c -o conftest2.o
configure:5150: $? = 0
configure:5147: gcc -c conftest.c -o conftest2.o
configure:5150: $? = 0
configure:5162: result: yes
configure:5181: checking dependency style of gcc
configure:5292: result: gcc3
configure:5357: checking for ar
configure:5373: found /usr/bin/ar
configure:5384: result: ar
configure:5410: checking the archiver (ar) interface
configure:5426: gcc -c -g -O2  conftest.c >&5
configure:5426: $? = 0
configure:5428: ar cru libconftest.a conftest.o >&5
ar: `u' modifier ignored since `D' is the default (see `U')
configure:5431: $? = 0
configure:5430: result: ar
configure:5504: checking how to run the C preprocessor
configure:5535: gcc -E  conftest.c
configure:5535: $? = 0
configure:5549: gcc -E  conftest.c
conftest.c:11:10: fatal error: ac_nonexistent.h: No such file or directory
   11 | #include <ac_nonexistent.h>
      |          ^~~~~~~~~~~~~~~~~~
compilation terminated.
configure:5549: $? = 1
configure: failed program was:
| /* confdefs.h */
| #define PACKAGE_NAME "Mesa"
| #define PACKAGE_TARNAME "mesa"
| #define PACKAGE_VERSION "18.3.6"
| #define PACKAGE_STRING "Mesa 18.3.6"
| #define PACKAGE_BUGREPORT "https://bugs.freedesktop.org/enter_bug.cgi?product=Mesa"
| #define PACKAGE_URL ""
| #define PACKAGE "mesa"
| #define VERSION "18.3.6"
| /* end confdefs.h.  */
| #include <ac_nonexistent.h>
configure:5574: result: gcc -E
configure:5594: gcc -E  conftest.c
configure:5594: $? = 0
configure:5608: gcc -E  conftest.c
conftest.c:11:10: fatal error: ac_nonexistent.h: No such file or directory
   11 | #include <ac_nonexistent.h>
      |          ^~~~~~~~~~~~~~~~~~
compilation terminated.
configure:5608: $? = 1
configure: failed program was:
| /* confdefs.h */
| #define PACKAGE_NAME "Mesa"
| #define PACKAGE_TARNAME "mesa"
| #define PACKAGE_VERSION "18.3.6"
| #define PACKAGE_STRING "Mesa 18.3.6"
| #define PACKAGE_BUGREPORT "https://bugs.freedesktop.org/enter_bug.cgi?product=Mesa"
| #define PACKAGE_URL ""
| #define PACKAGE "mesa"
| #define VERSION "18.3.6"
| /* end confdefs.h.  */
| #include <ac_nonexistent.h>
configure:5684: checking for gcc
configure:5711: result: gcc
configure:5940: checking for C compiler version
configure:5949: gcc --version >&5
gcc (Debian 10.2.1-6) 10.2.1 20210110
Copyright (C) 2020 Free Software Foundation, Inc.
This is free software; see the source for copying conditions.  There is NO
warranty; not even for MERCHANTABILITY or FITNESS FOR A PARTICULAR PURPOSE.

configure:5960: $? = 0
configure:5949: gcc -v >&5
Using built-in specs.
COLLECT_GCC=gcc
COLLECT_LTO_WRAPPER=/usr/lib/gcc/x86_64-linux-gnu/10/lto-wrapper
OFFLOAD_TARGET_NAMES=nvptx-none:amdgcn-amdhsa:hsa
OFFLOAD_TARGET_DEFAULT=1
Target: x86_64-linux-gnu
Configured with: ../src/configure -v --with-pkgversion='Debian 10.2.1-6' --with-bugurl=file:///usr/share/doc/gcc-10/README.Bugs --enable-languages=c,ada,c++,go,brig,d,fortran,objc,obj-c++,m2 --prefix=/usr --with-gcc-major-version-only --program-suffix=-10 --program-prefix=x86_64-linux-gnu- --enable-shared --enable-linker-build-id --libexecdir=/usr/lib --without-included-gettext --enable-threads=posix --libdir=/usr/lib --enable-nls --enable-bootstrap --enable-clocale=gnu --enable-libstdcxx-debug --enable-libstdcxx-time=yes --with-default-libstdcxx-abi=new --enable-gnu-unique-object --disable-vtable-verify --enable-plugin --enable-default-pie --with-system-zlib --enable-libphobos-checking=release --with-target-system-zlib=auto --enable-objc-gc=auto --enable-multiarch --disable-werror --with-arch-32=i686 --with-abi=m64 --with-multilib-list=m32,m64,mx32 --enable-multilib --with-tune=generic --enable-offload-targets=nvptx-none=/build/gcc-10-Km9U7s/gcc-10-10.2.1/debian/tmp-nvptx/usr,amdgcn-amdhsa=/build/gcc-10-Km9U7s/gcc-10-10.2.1/debian/tmp-gcn/usr,hsa --without-cuda-driver --enable-checking=release --build=x86_64-linux-gnu --host=x86_64-linux-gnu --target=x86_64-linux-gnu --with-build-config=bootstrap-lto-lean --enable-link-mutex
Thread model: posix
Supported LTO compression algorithms: zlib zstd
gcc version 10.2.1 20210110 (Debian 10.2.1-6) 
... rest of stderr output deleted ...
configure:5960: $? = 0
configure:5949: gcc -V >&5
gcc: error: unrecognized command-line option '-V'
gcc: fatal error: no input files
compilation terminated.
configure:5960: $? = 1
configure:5949: gcc -qversion >&5
gcc: error: unrecognized command-line option '-qversion'; did you mean '--version'?
gcc: fatal error: no input files
compilation terminated.
configure:5960: $? = 1
configure:5964: checking whether we are using the GNU C compiler
configure:5992: result: yes
configure:6001: checking whether gcc accepts -g
configure:6062: result: yes
configure:6079: checking for gcc option to accept ISO C89
configure:6155: result: none needed
configure:6180: checking whether gcc understands -c and -o together
configure:6217: result: yes
configure:6236: checking dependency style of gcc
configure:6347: result: gcc3
configure:6420: checking for g++
configure:6436: found /usr/bin/g++
configure:6447: result: g++
configure:6474: checking for C++ compiler version
configure:6483: g++ --version >&5
g++ (Debian 10.2.1-6) 10.2.1 20210110
Copyright (C) 2020 Free Software Foundation, Inc.
This is free software; see the source for copying conditions.  There is NO
warranty; not even for MERCHANTABILITY or FITNESS FOR A PARTICULAR PURPOSE.

configure:6494: $? = 0
configure:6483: g++ -v >&5
Using built-in specs.
COLLECT_GCC=g++
COLLECT_LTO_WRAPPER=/usr/lib/gcc/x86_64-linux-gnu/10/lto-wrapper
OFFLOAD_TARGET_NAMES=nvptx-none:amdgcn-amdhsa:hsa
OFFLOAD_TARGET_DEFAULT=1
Target: x86_64-linux-gnu
Configured with: ../src/configure -v --with-pkgversion='Debian 10.2.1-6' --with-bugurl=file:///usr/share/doc/gcc-10/README.Bugs --enable-languages=c,ada,c++,go,brig,d,fortran,objc,obj-c++,m2 --prefix=/usr --with-gcc-major-version-only --program-suffix=-10 --program-prefix=x86_64-linux-gnu- --enable-shared --enable-linker-build-id --libexecdir=/usr/lib --without-included-gettext --enable-threads=posix --libdir=/usr/lib --enable-nls --enable-bootstrap --enable-clocale=gnu --enable-libstdcxx-debug --enable-libstdcxx-time=yes --with-default-libstdcxx-abi=new --enable-gnu-unique-object --disable-vtable-verify --enable-plugin --enable-default-pie --with-system-zlib --enable-libphobos-checking=release --with-target-system-zlib=auto --enable-objc-gc=auto --enable-multiarch --disable-werror --with-arch-32=i686 --with-abi=m64 --with-multilib-list=m32,m64,mx32 --enable-multilib --with-tune=generic --enable-offload-targets=nvptx-none=/build/gcc-10-Km9U7s/gcc-10-10.2.1/debian/tmp-nvptx/usr,amdgcn-amdhsa=/build/gcc-10-Km9U7s/gcc-10-10.2.1/debian/tmp-gcn/usr,hsa --without-cuda-driver --enable-checking=release --build=x86_64-linux-gnu --host=x86_64-linux-gnu --target=x86_64-linux-gnu --with-build-config=bootstrap-lto-lean --enable-link-mutex
Thread model: posix
Supported LTO compression algorithms: zlib zstd
gcc version 10.2.1 20210110 (Debian 10.2.1-6) 
... rest of stderr output deleted ...
configure:6494: $? = 0
configure:6483: g++ -V >&5
g++: error: unrecognized command-line option '-V'
g++: fatal error: no input files
compilation terminated.
configure:6494: $? = 1
configure:6483: g++ -qversion >&5
g++: error: unrecognized command-line option '-qversion'; did you mean '--version'?
g++: fatal error: no input files
compilation terminated.
configure:6494: $? = 1
configure:6498: checking whether we are using the GNU C++ compiler
configure:6517: g++ -c   conftest.cpp >&5
configure:6517: $? = 0
configure:6526: result: yes
configure:6535: checking whether g++ accepts -g
configure:6555: g++ -c -g  conftest.cpp >&5
configure:6555: $? = 0
configure:6596: result: yes
configure:6621: checking dependency style of g++
configure:6732: result: gcc3
configure:6749: checking for grep that handles long lines and -e
configure:6807: result: /usr/bin/grep
configure:6812: checking for BSD- or MS-compatible name lister (nm)
configure:6866: result: /usr/bin/nm -B
configure:6996: checking the name lister (/usr/bin/nm -B) interface
configure:7003: gcc -c -g -O2  conftest.c >&5
configure:7006: /usr/bin/nm -B "conftest.o"
configure:7009: output
0000000000000000 B some_variable
configure:7010: result: BSD nm
configure:7022: checking dependency style of gcc
configure:7131: result: gcc3
configure:7146: checking for GNU make
configure:7161: result: make
configure:7207: checking for a Python interpreter with version >= 2.7
configure:7224: python -c import sys # split strings by '.' and convert to numeric. Append some zeros # because we need at least 4 digits for the hex conversion. # map returns an iterator in Python 3.0 and a list in 2.x minver = list(map(int, '2.7'.split('.'))) + [0, 0, 0] minverhex = 0 # xrange is not present in Python 3.0 and range returns an iterator for i in list(range(0, 4)): minverhex = (minverhex << 8) + minver[i] sys.exit(sys.hexversion < minverhex)
configure:7227: $? = 0
configure:7233: result: python
configure:7241: checking for python
configure:7259: found /usr/bin/python
configure:7271: result: /usr/bin/python
configure:7549: checking for python version
configure:7556: result: 3.8
configure:7568: checking for python platform
configure:7575: result: linux
configure:7601: checking for python script directory
configure:7636: result: ${prefix}/lib/python3.8/site-packages
configure:7645: checking for python extension module directory
configure:7680: result: ${exec_prefix}/lib/python3.8/site-packages
configure:7694: checking for a sed that does not truncate output
configure:7758: result: /usr/bin/sed
configure:7772: checking for special C compiler options needed for large files
configure:7817: result: no
configure:7823: checking for _FILE_OFFSET_BITS value needed for large files
configure:7848: gcc -c -g -O2  conftest.c >&5
configure:7848: $? = 0
configure:7880: result: no
configure:8014: checking how to print strings
configure:8041: result: printf
configure:8062: checking for a sed that does not truncate output
configure:8126: result: /usr/bin/sed
configure:8144: checking for egrep
configure:8206: result: /usr/bin/grep -E
configure:8211: checking for fgrep
configure:8273: result: /usr/bin/grep -F
configure:8308: checking for ld used by gcc
configure:8375: result: /usr/bin/ld
configure:8382: checking if the linker (/usr/bin/ld) is GNU ld
configure:8397: result: yes
configure:8409: checking whether ln -s works
configure:8413: result: yes
configure:8421: checking the maximum length of command line arguments
configure:8552: result: 1572864
configure:8600: checking how to convert x86_64-pc-linux-gnu file names to x86_64-pc-linux-gnu format
configure:8640: result: func_convert_file_noop
configure:8647: checking how to convert x86_64-pc-linux-gnu file names to toolchain format
configure:8667: result: func_convert_file_noop
configure:8674: checking for /usr/bin/ld option to reload object files
configure:8681: result: -r
configure:8755: checking for objdump
configure:8771: found /usr/bin/objdump
configure:8782: result: objdump
configure:8814: checking how to recognize dependent libraries
configure:9014: result: pass_all
configure:9099: checking for dlltool
configure:9129: result: no
configure:9159: checking how to associate runtime and link libraries
configure:9186: result: printf %s\n
configure:9326: checking for archiver @FILE support
configure:9343: gcc -c -g -O2  conftest.c >&5
configure:9343: $? = 0
configure:9346: ar cr libconftest.a @conftest.lst >&5
configure:9349: $? = 0
configure:9354: ar cr libconftest.a @conftest.lst >&5
ar: conftest.o: No such file or directory
configure:9357: $? = 1
configure:9356: result: @
configure:9414: checking for strip
configure:9430: found /usr/bin/strip
configure:9441: result: strip
configure:9513: checking for ranlib
configure:9529: found /usr/bin/ranlib
configure:9540: result: ranlib
configure:9642: checking command to parse /usr/bin/nm -B output from gcc object
configure:9795: gcc -c -g -O2  conftest.c >&5
configure:9798: $? = 0
configure:9802: /usr/bin/nm -B conftest.o \| sed -n -e 's/^.*[ ]\([ABCDGIRSTW][ABCDGIRSTW]*\)[ ][ ]*\([_A-Za-z][_A-Za-z0-9]*\)$/\1 \2 \2/p' | sed '/ __gnu_lto/d' \> conftest.nm
configure:9805: $? = 0
configure:9871: gcc -o conftest -g -O2   conftest.c conftstm.o >&5
configure:9874: $? = 0
configure:9912: result: ok
configure:9959: checking for sysroot
configure:9989: result: no
configure:9996: checking for a working dd
configure:10034: result: /usr/bin/dd
configure:10038: checking how to truncate binary pipes
configure:10053: result: /usr/bin/dd bs=4096 count=1
configure:10189: gcc -c -g -O2  conftest.c >&5
configure:10192: $? = 0
configure:10382: checking for mt
configure:10398: found /usr/bin/mt
configure:10409: result: mt
configure:10432: checking if mt is a manifest tool
configure:10438: mt '-?'
configure:10446: result: no
configure:11119: checking for ANSI C header files
configure:11139: gcc -c -g -O2  conftest.c >&5
configure:11139: $? = 0
configure:11212: gcc -o conftest -g -O2   conftest.c  >&5
configure:11212: $? = 0
configure:11212: ./conftest
configure:11212: $? = 0
configure:11223: result: yes
configure:11236: checking for sys/types.h
configure:11236: gcc -c -g -O2  conftest.c >&5
configure:11236: $? = 0
configure:11236: result: yes
configure:11236: checking for sys/stat.h
configure:11236: gcc -c -g -O2  conftest.c >&5
configure:11236: $? = 0
configure:11236: result: yes
configure:11236: checking for stdlib.h
configure:11236: gcc -c -g -O2  conftest.c >&5
configure:11236: $? = 0
configure:11236: result: yes
configure:11236: checking for string.h
configure:11236: gcc -c -g -O2  conftest.c >&5
configure:11236: $? = 0
configure:11236: result: yes
configure:11236: checking for memory.h
configure:11236: gcc -c -g -O2  conftest.c >&5
configure:11236: $? = 0
configure:11236: result: yes
configure:11236: checking for strings.h
configure:11236: gcc -c -g -O2  conftest.c >&5

## ---------------- ##
## Cache variables. ##
## ---------------- ##

_cv_gnu_make_command=make
ac_cv_build=x86_64-pc-linux-gnu
ac_cv_c_compiler_gnu=yes
ac_cv_cxx_compiler_gnu=yes
ac_cv_env_AMDGPU_CFLAGS_set=
ac_cv_env_AMDGPU_CFLAGS_value=
ac_cv_env_AMDGPU_LIBS_set=
ac_cv_env_AMDGPU_LIBS_value=
ac_cv_env_ANDROID_CFLAGS_set=
ac_cv_env_ANDROID_CFLAGS_value=
ac_cv_env_ANDROID_LIBS_set=
ac_cv_env_ANDROID_LIBS_value=
ac_cv_env_BACKTRACE_CFLAGS_set=
ac_cv_env_BACKTRACE_CFLAGS_value=
ac_cv_env_BACKTRACE_LIBS_set=
ac_cv_env_BACKTRACE_LIBS_value=
ac_cv_env_CCASFLAGS_set=
ac_cv_env_CCASFLAGS_value=
ac_cv_env_CCAS_set=
ac_cv_env_CCAS_value=
ac_cv_env_CCC_set=
ac_cv_env_CCC_value=
ac_cv_env_CC_set=
ac_cv_env_CC_value=
ac_cv_env_CFLAGS_set=
ac_cv_env_CFLAGS_value=
ac_cv_env_CPPFLAGS_set=
ac_cv_env_CPPFLAGS_value=
ac_cv_env_CPP_set=
ac_cv_env_CPP_value=
ac_cv_env_CXX11_CXXFLAGS_set=
ac_cv_env_CXX11_CXXFLAGS_value=
ac_cv_env_CXXCPP_set=
ac_cv_env_CXXCPP_value=
ac_cv_env_CXXFLAGS_set=
ac_cv_env_CXXFLAGS_value=
ac_cv_env_CXX_set=
ac_cv_env_CXX_value=
ac_cv_env_DRI2PROTO_CFLAGS_set=
ac_cv_env_DRI2PROTO_CFLAGS_value=
ac_cv_env_DRI2PROTO_LIBS_set=
ac_cv_env_DRI2PROTO_LIBS_value=
ac_cv_env_DRIGL_CFLAGS_set=
ac_cv_env_DRIGL_CFLAGS_value=
ac_cv_env_DRIGL_LIBS_set=
ac_cv_env_DRIGL_LIBS_value=
ac_cv_env_ETNAVIV_CFLAGS_set=
ac_cv_env_ETNAVIV_CFLAGS_value=
ac_cv_env_ETNAVIV_LIBS_set=
ac_cv_env_ETNAVIV_LIBS_value=
ac_cv_env_EXPAT_CFLAGS_set=
ac_cv_env_EXPAT_CFLAGS_value=
ac_cv_env_EXPAT_LIBS_set=
ac_cv_env_EXPAT_LIBS_value=
ac_cv_env_GLPROTO_CFLAGS_set=
ac_cv_env_GLPROTO_CFLAGS_value=
ac_cv_env_GLPROTO_LIBS_set=
ac_cv_env_GLPROTO_LIBS_value=
ac_cv_env_GLVND_CFLAGS_set=
ac_cv_env_GLVND_CFLAGS_value=
ac_cv_env_GLVND_LIBS_set=
ac_cv_env_GLVND_LIBS_value=
ac_cv_env_I915_CFLAGS_set=
ac_cv_env_I915_CFLAGS_value=
ac_cv_env_I915_LIBS_set=
ac_cv_env_I915_LIBS_value=
ac_cv_env_LDFLAGS_set=
ac_cv_env_LDFLAGS_value=
ac_cv_env_LIBDRM_CFLAGS_set=
ac_cv_env_LIBDRM_CFLAGS_value=
ac_cv_env_LIBDRM_LIBS_set=
ac_cv_env_LIBDRM_LIBS_value=
ac_cv_env_LIBELF_CFLAGS_set=
ac_cv_env_LIBELF_CFLAGS_value=
ac_cv_env_LIBELF_LIBS_set=
ac_cv_env_LIBELF_LIBS_value=
ac_cv_env_LIBS_set=
ac_cv_env_LIBS_value=
ac_cv_env_LIBUNWIND_CFLAGS_set=
ac_cv_env_LIBUNWIND_CFLAGS_value=
ac_cv_env_LIBUNWIND_LIBS_set=
ac_cv_env_LIBUNWIND_LIBS_value=
ac_cv_env_LT_SYS_LIBRARY_PATH_set=
ac_cv_env_LT_SYS_LIBRARY_PATH_value=
ac_cv_env_NOUVEAU_CFLAGS_set=
ac_cv_env_NOUVEAU_CFLAGS_value=
ac_cv_env_NOUVEAU_LIBS_set=
ac_cv_env_NOUVEAU_LIBS_value=
ac_cv_env_NVVIEUX_CFLAGS_set=
ac_cv_env_NVVIEUX_CFLAGS_value=
ac_cv_env_NVVIEUX_LIBS_set=
ac_cv_env_NVVIEUX_LIBS_value=
ac_cv_env_OMX_BELLAGIO_CFLAGS_set=
ac_cv_env_OMX_BELLAGIO_CFLAGS_value=
ac_cv_env_OMX_BELLAGIO_LIBS_set=
ac_cv_env_OMX_BELLAGIO_LIBS_value=
ac_cv_env_OMX_TIZONIA_CFLAGS_set=
ac_cv_env_OMX_TIZONIA_CFLAGS_value=
ac_cv_env_OMX_TIZONIA_LIBS_set=
ac_cv_env_OMX_TIZONIA_LIBS_value=
ac_cv_env_PKG_CONFIG_LIBDIR_set=
ac_cv_env_PKG_CONFIG_LIBDIR_value=
ac_cv_env_PKG_CONFIG_PATH_set=
ac_cv_env_PKG_CONFIG_PATH_value=
ac_cv_env_PKG_CONFIG_set=
ac_cv_env_PKG_CONFIG_value=
ac_cv_env_PTHREADSTUBS_CFLAGS_set=
ac_cv_env_PTHREADSTUBS_CFLAGS_value=
ac_cv_env_PTHREADSTUBS_LIBS_set=
ac_cv_env_PTHREADSTUBS_LIBS_value=
ac_cv_env_PYTHON_set=
ac_cv_env_PYTHON_value=
ac_cv_env_RADEON_CFLAGS_set=
ac_cv_env_RADEON_CFLAGS_value=
ac_cv_env_RADEON_LIBS_set=
ac_cv_env_RADEON_LIBS_value=
ac_cv_env_SELINUX_CFLAGS_set=
ac_cv_env_SELINUX_CFLAGS_value=
ac_cv_env_SELINUX_LIBS_set=
ac_cv_env_SELINUX_LIBS_value=
ac_cv_env_SIMPENROSE_CFLAGS_set=
ac_cv_env_SIMPENROSE_CFLAGS_value=
ac_cv_env_SIMPENROSE_LIBS_set=
ac_cv_env_SIMPENROSE_LIBS_value=
ac_cv_env_V3D_SIMULATOR_CFLAGS_set=
ac_cv_env_V3D_SIMULATOR_CFLAGS_value=
ac_cv_env_V3D_SIMULATOR_LIBS_set=
ac_cv_env_V3D_SIMULATOR_LIBS_value=
ac_cv_env_VALGRIND_CFLAGS_set=
ac_cv_env_VALGRIND_CFLAGS_value=
ac_cv_env_VALGRIND_LIBS_set=
ac_cv_env_VALGRIND_LIBS_value=
ac_cv_env_VA_CFLAGS_set=
ac_cv_env_VA_CFLAGS_value=
ac_cv_env_VA_LIBS_set=
ac_cv_env_VA_LIBS_value=
ac_cv_env_VC4_CFLAGS_set=
ac_cv_env_VC4_CFLAGS_value=
ac_cv_env_VC4_LIBS_set=
ac_cv_env_VC4_LIBS_value=
ac_cv_env_VDPAU_CFLAGS_set=
ac_cv_env_VDPAU_CFLAGS_value=
ac_cv_env_VDPAU_LIBS_set=
ac_cv_env_VDPAU_LIBS_value=
ac_cv_env_VL_CFLAGS_set=
ac_cv_env_VL_CFLAGS_value=
ac_cv_env_VL_LIBS_set=
ac_cv_env_VL_LIBS_value=
ac_cv_env_WAYLAND_CLIENT_CFLAGS_set=
ac_cv_env_WAYLAND_CLIENT_CFLAGS_value=
ac_cv_env_WAYLAND_CLIENT_LIBS_set=
ac_cv_env_WAYLAND_CLIENT_LIBS_value=
ac_cv_env_WAYLAND_EGL_CFLAGS_set=
ac_cv_env_WAYLAND_EGL_CFLAGS_value=
ac_cv_env_WAYLAND_EGL_LIBS_set=
ac_cv_env_WAYLAND_EGL_LIBS_value=
ac_cv_env_WAYLAND_PROTOCOLS_CFLAGS_set=
ac_cv_env_WAYLAND_PROTOCOLS_CFLAGS_value=
ac_cv_env_WAYLAND_PROTOCOLS_LIBS_set=
ac_cv_env_WAYLAND_PROTOCOLS_LIBS_value=
ac_cv_env_WAYLAND_SCANNER_CFLAGS_set=
ac_cv_env_WAYLAND_SCANNER_CFLAGS_value=
ac_cv_env_WAYLAND_SCANNER_LIBS_set=
ac_cv_env_WAYLAND_SCANNER_LIBS_value=
ac_cv_env_WAYLAND_SERVER_CFLAGS_set=
ac_cv_env_WAYLAND_SERVER_CFLAGS_value=
ac_cv_env_WAYLAND_SERVER_LIBS_set=
ac_cv_env_WAYLAND_SERVER_LIBS_value=
ac_cv_env_XCB_DRI2_CFLAGS_set=
ac_cv_env_XCB_DRI2_CFLAGS_value=
ac_cv_env_XCB_DRI2_LIBS_set=
ac_cv_env_XCB_DRI2_LIBS_value=
ac_cv_env_XCB_DRI3_CFLAGS_set=
ac_cv_env_XCB_DRI3_CFLAGS_value=
ac_cv_env_XCB_DRI3_LIBS_set=
ac_cv_env_XCB_DRI3_LIBS_value=
ac_cv_env_XCB_DRI3_MODIFIERS_CFLAGS_set=
ac_cv_env_XCB_DRI3_MODIFIERS_CFLAGS_value=
ac_cv_env_XCB_DRI3_MODIFIERS_LIBS_set=
ac_cv_env_XCB_DRI3_MODIFIERS_LIBS_value=
ac_cv_env_XCB_RANDR_CFLAGS_set=
ac_cv_env_XCB_RANDR_CFLAGS_value=
ac_cv_env_XCB_RANDR_LIBS_set=
ac_cv_env_XCB_RANDR_LIBS_value=
ac_cv_env_XLIBGL_CFLAGS_set=
ac_cv_env_XLIBGL_CFLAGS_value=
ac_cv_env_XLIBGL_LIBS_set=
ac_cv_env_XLIBGL_LIBS_value=
ac_cv_env_XLIB_RANDR_CFLAGS_set=
ac_cv_env_XLIB_RANDR_CFLAGS_value=
ac_cv_env_XLIB_RANDR_LIBS_set=
ac_cv_env_XLIB_RANDR_LIBS_value=
ac_cv_env_XVMC_CFLAGS_set=
ac_cv_env_XVMC_CFLAGS_value=
ac_cv_env_XVMC_LIBS_set=
ac_cv_env_XVMC_LIBS_value=
ac_cv_env_YACC_set=
ac_cv_env_YACC_value=
ac_cv_env_YFLAGS_set=
ac_cv_env_YFLAGS_value=
ac_cv_env_ZLIB_CFLAGS_set=
ac_cv_env_ZLIB_CFLAGS_value=
ac_cv_env_ZLIB_LIBS_set=
ac_cv_env_ZLIB_LIBS_value=
ac_cv_env_build_alias_set=
ac_cv_env_build_alias_value=
ac_cv_env_host_alias_set=
ac_cv_env_host_alias_value=
ac_cv_env_target_alias_set=
ac_cv_env_target_alias_value=
ac_cv_header_memory_h=yes
ac_cv_header_stdc=yes
ac_cv_header_stdlib_h=yes
ac_cv_header_string_h=yes
ac_cv_header_sys_stat_h=yes
ac_cv_header_sys_types_h=yes
ac_cv_host=x86_64-pc-linux-gnu
ac_cv_objext=o
ac_cv_path_EGREP='/usr/bin/grep -E'
ac_cv_path_FGREP='/usr/bin/grep -F'
ac_cv_path_GREP=/usr/bin/grep
ac_cv_path_PYTHON=/usr/bin/python
ac_cv_path_SED=/usr/bin/sed
ac_cv_path_install='/usr/bin/install -c'
ac_cv_path_lt_DD=/usr/bin/dd
ac_cv_path_mkdir=/usr/bin/mkdir
ac_cv_prog_AWK=mawk
ac_cv_prog_CPP='gcc -E'
ac_cv_prog_ac_ct_AR=ar
ac_cv_prog_ac_ct_CC=gcc
ac_cv_prog_ac_ct_CXX=g++
ac_cv_prog_ac_ct_MANIFEST_TOOL=mt
ac_cv_prog_ac_ct_OBJDUMP=objdump
ac_cv_prog_ac_ct_RANLIB=ranlib
ac_cv_prog_ac_ct_STRIP=strip
ac_cv_prog_cc_c89=
ac_cv_prog_cc_g=yes
ac_cv_prog_cxx_g=yes
ac_cv_prog_make_make_set=yes
ac_cv_sys_file_offset_bits=no
ac_cv_sys_largefile_CC=no
ac_cv_target=x86_64-pc-linux-gnu
am_cv_CCAS_dependencies_compiler_type=gcc3
am_cv_CC_dependencies_compiler_type=gcc3
am_cv_CXX_dependencies_compiler_type=gcc3
am_cv_ar_interface=ar
am_cv_make_support_nested_variables=yes
am_cv_pathless_PYTHON=python
am_cv_prog_cc_c_o=yes
am_cv_prog_tar_ustar=gnutar
am_cv_python_platform=linux
am_cv_python_pyexecdir='${exec_prefix}/lib/python3.8/site-packages'
am_cv_python_pythondir='${prefix}/lib/python3.8/site-packages'
am_cv_python_version=3.8
lt_cv_ar_at_file=@
lt_cv_deplibs_check_method=pass_all
lt_cv_file_magic_cmd='$MAGIC_CMD'
lt_cv_file_magic_test_file=
lt_cv_ld_reload_flag=-r
lt_cv_nm_interface='BSD nm'
lt_cv_path_LD=/usr/bin/ld
lt_cv_path_NM='/usr/bin/nm -B'
lt_cv_path_mainfest_tool=no
lt_cv_prog_gnu_ld=yes
lt_cv_sharedlib_from_linklib_cmd='printf %s\n'
lt_cv_sys_global_symbol_pipe='sed -n -e '\''s/^.*[	 ]\([ABCDGIRSTW][ABCDGIRSTW]*\)[	 ][	 ]*\([_A-Za-z][_A-Za-z0-9]*\)$/\1 \2 \2/p'\'' | sed '\''/ __gnu_lto/d'\'''
lt_cv_sys_global_symbol_to_c_name_address='sed -n -e '\''s/^: \(.*\) .*$/  {"\1", (void *) 0},/p'\'' -e '\''s/^[ABCDGIRSTW][ABCDGIRSTW]* .* \(.*\)$/  {"\1", (void *) \&\1},/p'\'''
lt_cv_sys_global_symbol_to_c_name_address_lib_prefix='sed -n -e '\''s/^: \(.*\) .*$/  {"\1", (void *) 0},/p'\'' -e '\''s/^[ABCDGIRSTW][ABCDGIRSTW]* .* \(lib.*\)$/  {"\1", (void *) \&\1},/p'\'' -e '\''s/^[ABCDGIRSTW][ABCDGIRSTW]* .* \(.*\)$/  {"lib\1", (void *) \&\1},/p'\'''
lt_cv_sys_global_symbol_to_cdecl='sed -n -e '\''s/^T .* \(.*\)$/extern int \1();/p'\'' -e '\''s/^[ABCDGIRSTW][ABCDGIRSTW]* .* \(.*\)$/extern char \1;/p'\'''
lt_cv_sys_global_symbol_to_import=
lt_cv_sys_max_cmd_len=1572864
lt_cv_to_host_file_cmd=func_convert_file_noop
lt_cv_to_tool_file_cmd=func_convert_file_noop
lt_cv_truncate_bin='/usr/bin/dd bs=4096 count=1'

## ----------------- ##
## Output variables. ##
## ----------------- ##

ACLOCAL='${SHELL} /home/shiji/new_mesa-18.3.6/mesa-18.3.6/bin/missing aclocal-1.16'
AMDEPBACKSLASH='\'
AMDEP_FALSE='#'
AMDEP_TRUE=''
AMDGPU_CFLAGS=''
AMDGPU_LIBS=''
AMTAR='$${TAR-tar}'
AM_BACKSLASH='\'
AM_DEFAULT_V='$(AM_DEFAULT_VERBOSITY)'
AM_DEFAULT_VERBOSITY='0'
AM_V='$(V)'
ANDROID_CFLAGS=''
ANDROID_LIBS=''
AR='ar'
AUTOCONF='${SHELL} /home/shiji/new_mesa-18.3.6/mesa-18.3.6/bin/missing autoconf'
AUTOHEADER='${SHELL} /home/shiji/new_mesa-18.3.6/mesa-18.3.6/bin/missing autoheader'
AUTOMAKE='${SHELL} /home/shiji/new_mesa-18.3.6/mesa-18.3.6/bin/missing automake-1.16'
AWK='mawk'
BACKTRACE_CFLAGS=''
BACKTRACE_LIBS=''
BSYMBOLIC=''
BUILD_SHARED_FALSE=''
BUILD_SHARED_TRUE=''
CC='gcc'
CCAS='gcc'
CCASDEPMODE='depmode=gcc3'
CCASFLAGS='-g -O2'
CCDEPMODE='depmode=gcc3'
CFLAGS='-g -O2'
CLANG_RESOURCE_DIR=''
CLOCK_LIB=''
CLOVER_STD_OVERRIDE=''
CPP='gcc -E'
CPPFLAGS=''
CXX11_CXXFLAGS=''
CXX='g++'
CXXCPP=''
CXXDEPMODE='depmode=gcc3'
CXXFLAGS='-g -O2'
CYGPATH_W='echo'
D3D_DRIVER_INSTALL_DIR=''
DEFINES=''
DEFS=''
DEPDIR='.deps'
DLLTOOL='false'
DLOPEN_LIBS=''
DRI2PROTO_CFLAGS=''
DRI2PROTO_LIBS=''
DRIGL_CFLAGS=''
DRIGL_LIBS=''
DRI_DRIVER_INSTALL_DIR=''
DRI_DRIVER_SEARCH_DIR=''
DRI_LIB_DEPS=''
DRI_PC_REQ_PRIV=''
DSYMUTIL=''
DUMPBIN=''
ECHO_C=''
ECHO_N='-n'
ECHO_T=''
EGL_CFLAGS=''
EGL_LIB_DEPS=''
EGL_NATIVE_PLATFORM=''
EGREP='/usr/bin/grep -E'
ETNAVIV_CFLAGS=''
ETNAVIV_LIBS=''
EXEEXT=''
EXPAT_CFLAGS=''
EXPAT_LIBS=''
FGREP='/usr/bin/grep -F'
GALLIUM_PIPE_LOADER_DEFINES=''
GBM_PC_LIB_PRIV=''
GBM_PC_REQ_PRIV=''
GC_SECTIONS=''
GEN_ASM_OFFSETS_FALSE=''
GEN_ASM_OFFSETS_TRUE=''
GLESv1_CM_LIB_DEPS=''
GLESv1_CM_PC_LIB_PRIV=''
GLESv2_LIB_DEPS=''
GLESv2_PC_LIB_PRIV=''
GLPROTO_CFLAGS=''
GLPROTO_LIBS=''
GLVND_CFLAGS=''
GLVND_LIBS=''
GLX_TLS=''
GL_LIB=''
GL_LIB_DEPS=''
GL_PC_CFLAGS=''
GL_PC_LIB_PRIV=''
GL_PC_REQ_PRIV=''
GL_PKGCONF_LIB=''
GREP='/usr/bin/grep'
HAVE_AARCH64_ASM_FALSE=''
HAVE_AARCH64_ASM_TRUE=''
HAVE_AMD_DRIVERS_FALSE=''
HAVE_AMD_DRIVERS_TRUE=''
HAVE_ANDROID_FALSE=''
HAVE_ANDROID_TRUE=''
HAVE_APPLEDRI_FALSE=''
HAVE_APPLEDRI_TRUE=''
HAVE_ARM_ASM_FALSE=''
HAVE_ARM_ASM_TRUE=''
HAVE_BROADCOM_DRIVERS_FALSE=''
HAVE_BROADCOM_DRIVERS_TRUE=''
HAVE_CLOVER_FALSE=''
HAVE_CLOVER_ICD_FALSE=''
HAVE_CLOVER_ICD_TRUE=''
HAVE_CLOVER_TRUE=''
HAVE_COMMON_OSMESA_FALSE=''
HAVE_COMMON_OSMESA_TRUE=''
HAVE_COMPAT_SYMLINKS_FALSE=''
HAVE_COMPAT_SYMLINKS_TRUE=''
HAVE_DRI2_FALSE=''
HAVE_DRI2_TRUE=''
HAVE_DRI3_FALSE=''
HAVE_DRI3_TRUE=''
HAVE_DRICOMMON_FALSE=''
HAVE_DRICOMMON_TRUE=''
HAVE_DRISW_FALSE=''
HAVE_DRISW_KMS_FALSE=''
HAVE_DRISW_KMS_TRUE=''
HAVE_DRISW_TRUE=''
HAVE_DRI_GLX_FALSE=''
HAVE_DRI_GLX_TRUE=''
HAVE_EGL_FALSE=''
HAVE_EGL_TRUE=''
HAVE_GALLIUM_COMPUTE_FALSE=''
HAVE_GALLIUM_COMPUTE_TRUE=''
HAVE_GALLIUM_ETNAVIV_FALSE=''
HAVE_GALLIUM_ETNAVIV_TRUE=''
HAVE_GALLIUM_EXTRA_HUD_FALSE=''
HAVE_GALLIUM_EXTRA_HUD_TRUE=''
HAVE_GALLIUM_FALSE=''
HAVE_GALLIUM_FREEDRENO_FALSE=''
HAVE_GALLIUM_FREEDRENO_TRUE=''
HAVE_GALLIUM_I915_FALSE=''
HAVE_GALLIUM_I915_TRUE=''
HAVE_GALLIUM_IMX_FALSE=''
HAVE_GALLIUM_IMX_TRUE=''
HAVE_GALLIUM_LLVMPIPE_FALSE=''
HAVE_GALLIUM_LLVMPIPE_TRUE=''
HAVE_GALLIUM_LLVM_FALSE=''
HAVE_GALLIUM_LLVM_TRUE=''
HAVE_GALLIUM_NOUVEAU_FALSE=''
HAVE_GALLIUM_NOUVEAU_TRUE=''
HAVE_GALLIUM_OSMESA_FALSE=''
HAVE_GALLIUM_OSMESA_TRUE=''
HAVE_GALLIUM_PL111_FALSE=''
HAVE_GALLIUM_PL111_TRUE=''
HAVE_GALLIUM_R300_FALSE=''
HAVE_GALLIUM_R300_TRUE=''
HAVE_GALLIUM_R600_FALSE=''
HAVE_GALLIUM_R600_TRUE=''
HAVE_GALLIUM_RADEONSI_FALSE=''
HAVE_GALLIUM_RADEONSI_TRUE=''
HAVE_GALLIUM_SOFTPIPE_FALSE=''
HAVE_GALLIUM_SOFTPIPE_TRUE=''
HAVE_GALLIUM_STATIC_TARGETS_FALSE=''
HAVE_GALLIUM_STATIC_TARGETS_TRUE=''
HAVE_GALLIUM_SVGA_FALSE=''
HAVE_GALLIUM_SVGA_TRUE=''
HAVE_GALLIUM_SWRAST_FALSE=''
HAVE_GALLIUM_SWRAST_TRUE=''
HAVE_GALLIUM_SWR_FALSE=''
HAVE_GALLIUM_SWR_TRUE=''
HAVE_GALLIUM_TEGRA_FALSE=''
HAVE_GALLIUM_TEGRA_TRUE=''
HAVE_GALLIUM_TESTS_FALSE=''
HAVE_GALLIUM_TESTS_TRUE=''
HAVE_GALLIUM_TRUE=''
HAVE_GALLIUM_V3D_FALSE=''
HAVE_GALLIUM_V3D_TRUE=''
HAVE_GALLIUM_VC4_FALSE=''
HAVE_GALLIUM_VC4_TRUE=''
HAVE_GALLIUM_VIRGL_FALSE=''
HAVE_GALLIUM_VIRGL_TRUE=''
HAVE_GALLIUM_XLIB_GLX_FALSE=''
HAVE_GALLIUM_XLIB_GLX_TRUE=''
HAVE_GBM_FALSE=''
HAVE_GBM_TRUE=''
HAVE_GLX_FALSE=''
HAVE_GLX_TRUE=''
HAVE_I915_DRI_FALSE=''
HAVE_I915_DRI_TRUE=''
HAVE_I965_DRI_FALSE=''
HAVE_I965_DRI_TRUE=''
HAVE_INTEL_DRIVERS_FALSE=''
HAVE_INTEL_DRIVERS_TRUE=''
HAVE_INTEL_VULKAN_FALSE=''
HAVE_INTEL_VULKAN_TRUE=''
HAVE_LD_DYNAMIC_LIST_FALSE=''
HAVE_LD_DYNAMIC_LIST_TRUE=''
HAVE_LD_VERSION_SCRIPT_FALSE=''
HAVE_LD_VERSION_SCRIPT_TRUE=''
HAVE_LIBDRM_FALSE=''
HAVE_LIBDRM_TRUE=''
HAVE_LIBSENSORS_FALSE=''
HAVE_LIBSENSORS_TRUE=''
HAVE_LMSENSORS_FALSE=''
HAVE_LMSENSORS_TRUE=''
HAVE_NOUVEAU_DRI_FALSE=''
HAVE_NOUVEAU_DRI_TRUE=''
HAVE_OPENGL_ES1_FALSE=''
HAVE_OPENGL_ES1_TRUE=''
HAVE_OPENGL_ES2_FALSE=''
HAVE_OPENGL_ES2_TRUE=''
HAVE_OPENGL_FALSE=''
HAVE_OPENGL_TRUE=''
HAVE_OSMESA_FALSE=''
HAVE_OSMESA_TRUE=''
HAVE_PLATFORM_ANDROID_FALSE=''
HAVE_PLATFORM_ANDROID_TRUE=''
HAVE_PLATFORM_DRM_FALSE=''
HAVE_PLATFORM_DRM_TRUE=''
HAVE_PLATFORM_SURFACELESS_FALSE=''
HAVE_PLATFORM_SURFACELESS_TRUE=''
HAVE_PLATFORM_WAYLAND_FALSE=''
HAVE_PLATFORM_WAYLAND_TRUE=''
HAVE_PLATFORM_X11_FALSE=''
HAVE_PLATFORM_X11_TRUE=''
HAVE_PPC64LE_ASM_FALSE=''
HAVE_PPC64LE_ASM_TRUE=''
HAVE_R200_DRI_FALSE=''
HAVE_R200_DRI_TRUE=''
HAVE_RADEON_DRI_FALSE=''
HAVE_RADEON_DRI_TRUE=''
HAVE_RADEON_VULKAN_FALSE=''
HAVE_RADEON_VULKAN_TRUE=''
HAVE_SHARED_GLAPI_FALSE=''
HAVE_SHARED_GLAPI_TRUE=''
HAVE_SPARC_ASM_FALSE=''
HAVE_SPARC_ASM_TRUE=''
HAVE_STD_CXX11_FALSE=''
HAVE_STD_CXX11_TRUE=''
HAVE_ST_NINE_FALSE=''
HAVE_ST_NINE_TRUE=''
HAVE_ST_OMX_BELLAGIO_FALSE=''
HAVE_ST_OMX_BELLAGIO_TRUE=''
HAVE_ST_OMX_TIZONIA_FALSE=''
HAVE_ST_OMX_TIZONIA_TRUE=''
HAVE_ST_VA_FALSE=''
HAVE_ST_VA_TRUE=''
HAVE_ST_VDPAU_FALSE=''
HAVE_ST_VDPAU_TRUE=''
HAVE_ST_XA_FALSE=''
HAVE_ST_XA_TRUE=''
HAVE_ST_XVMC_FALSE=''
HAVE_ST_XVMC_TRUE=''
HAVE_SWRAST_DRI_FALSE=''
HAVE_SWRAST_DRI_TRUE=''
HAVE_SWR_AVX2_FALSE=''
HAVE_SWR_AVX2_TRUE=''
HAVE_SWR_AVX_FALSE=''
HAVE_SWR_AVX_TRUE=''
HAVE_SWR_BUILTIN_FALSE=''
HAVE_SWR_BUILTIN_TRUE=''
HAVE_SWR_KNL_FALSE=''
HAVE_SWR_KNL_TRUE=''
HAVE_SWR_SKX_FALSE=''
HAVE_SWR_SKX_TRUE=''
HAVE_VULKAN_COMMON_FALSE=''
HAVE_VULKAN_COMMON_TRUE=''
HAVE_WINDOWSDRI_FALSE=''
HAVE_WINDOWSDRI_TRUE=''
HAVE_X86_64_ASM_FALSE=''
HAVE_X86_64_ASM_TRUE=''
HAVE_X86_ASM_FALSE=''
HAVE_X86_ASM_TRUE=''
HAVE_XLEASE_FALSE=''
HAVE_XLEASE_TRUE=''
HAVE_XLIB_GLX_FALSE=''
HAVE_XLIB_GLX_TRUE=''
HAVE_XLIB_LEASE_FALSE=''
HAVE_XLIB_LEASE_TRUE=''
I915_CFLAGS=''
I915_LIBS=''
INDENT=''
INDENT_FLAGS=''
INSTALL_DATA='${INSTALL} -m 644'
INSTALL_PROGRAM='${INSTALL}'
INSTALL_SCRIPT='${INSTALL}'
INSTALL_STRIP_PROGRAM='$(install_sh) -c -s'
LD='/usr/bin/ld -m elf_x86_64'
LDFLAGS=''
LD_BUILD_ID=''
LD_NO_UNDEFINED=''
LEX=''
LEXLIB=''
LEX_OUTPUT_ROOT=''
LIBATOMIC_LIBS=''
LIBCLC_INCLUDEDIR=''
LIBCLC_LIBEXECDIR=''
LIBDRM_CFLAGS=''
LIBDRM_LIBS=''
LIBELF_CFLAGS=''
LIBELF_LIBS=''
LIBGLVND_DATADIR=''
LIBOBJS=''
LIBS=''
LIBSENSORS_LIBS=''
LIBTOOL=''
LIBUNWIND_CFLAGS=''
LIBUNWIND_LIBS=''
LIB_DIR=''
LIB_EXT=''
LIPO=''
LLVM_CFLAGS=''
LLVM_CONFIG=''
LLVM_CXXFLAGS=''
LLVM_INCLUDEDIR=''
LLVM_LDFLAGS=''
LLVM_LIBS=''
LN_S='ln -s'
LTLIBOBJS=''
LT_SYS_LIBRARY_PATH=''
MAKEINFO='${SHELL} /home/shiji/new_mesa-18.3.6/mesa-18.3.6/bin/missing makeinfo'
MANIFEST_TOOL=':'
MKDIR_P='/usr/bin/mkdir -p'
MSVC2013_COMPAT_CFLAGS=''
MSVC2013_COMPAT_CXXFLAGS=''
NEED_GALLIUM_VL_FALSE=''
NEED_GALLIUM_VL_TRUE=''
NEED_GALLIUM_VL_WINSYS_FALSE=''
NEED_GALLIUM_VL_WINSYS_TRUE=''
NEED_KHRPLATFORM_FALSE=''
NEED_KHRPLATFORM_TRUE=''
NEED_LIBMESA_FALSE=''
NEED_LIBMESA_TRUE=''
NEED_MEGADRIVER_FALSE=''
NEED_MEGADRIVER_TRUE=''
NEED_OPENGL_COMMON_FALSE=''
NEED_OPENGL_COMMON_TRUE=''
NEED_RADEON_DRM_WINSYS_FALSE=''
NEED_RADEON_DRM_WINSYS_TRUE=''
NEED_WINSYS_XLIB_FALSE=''
NEED_WINSYS_XLIB_TRUE=''
NINE_MAJOR=''
NINE_MINOR=''
NINE_PATCH=''
NINE_VERSION=''
NM='/usr/bin/nm -B'
NMEDIT=''
NOUVEAU_CFLAGS=''
NOUVEAU_LIBS=''
NVVIEUX_CFLAGS=''
NVVIEUX_LIBS=''
OBJDUMP='objdump'
OBJEXT='o'
OMX_BELLAGIO_CFLAGS=''
OMX_BELLAGIO_LIBS=''
OMX_BELLAGIO_LIB_INSTALL_DIR=''
OMX_TIZONIA_CFLAGS=''
OMX_TIZONIA_LIBS=''
OMX_TIZONIA_LIB_INSTALL_DIR=''
OPENCL_LIBNAME=''
OPENCL_VERSION='1'
OSMESA_LIB=''
OSMESA_LIB_DEPS=''
OSMESA_PC_LIB_PRIV=''
OSMESA_PC_REQ=''
OSMESA_VERSION='8'
OTOOL64=''
OTOOL=''
PACKAGE='mesa'
PACKAGE_BUGREPORT='https://bugs.freedesktop.org/enter_bug.cgi?product=Mesa'
PACKAGE_NAME='Mesa'
PACKAGE_STRING='Mesa 18.3.6'
PACKAGE_TARNAME='mesa'
PACKAGE_URL=''
PACKAGE_VERSION='18.3.6'
PATH_SEPARATOR=':'
PKG_CONFIG=''
PKG_CONFIG_LIBDIR=''
PKG_CONFIG_PATH=''
POSIX_SHELL=''
PTHREADSTUBS_CFLAGS=''
PTHREADSTUBS_LIBS=''
PTHREAD_CC=''
PTHREAD_CFLAGS=''
PTHREAD_LIBS=''
PWR8_CFLAGS=''
PYTHON='/usr/bin/python'
PYTHON_EXEC_PREFIX='${exec_prefix}'
PYTHON_PLATFORM='linux'
PYTHON_PREFIX='${prefix}'
PYTHON_VERSION='3.8'
RADEON_CFLAGS=''
RADEON_LIBS=''
RANLIB='ranlib'
RM='rm -f'
SCANNER_ARG=''
SED='/usr/bin/sed'
SELINUX_CFLAGS=''
SELINUX_LIBS=''
SET_MAKE=''
SHELL='/bin/bash'
SIMPENROSE_CFLAGS=''
SIMPENROSE_LIBS=''
SSE41_CFLAGS=''
SSE41_SUPPORTED_FALSE=''
SSE41_SUPPORTED_TRUE=''
STRIP='strip'
SWR_AVX2_CXXFLAGS=''
SWR_AVX_CXXFLAGS=''
SWR_INVALID_LLVM_VERSION_FALSE=''
SWR_INVALID_LLVM_VERSION_TRUE=''
SWR_KNL_CXXFLAGS=''
SWR_SKX_CXXFLAGS=''
USE_LIBGLVND_FALSE=''
USE_LIBGLVND_TRUE=''
USE_V3D_SIMULATOR_FALSE=''
USE_V3D_SIMULATOR_TRUE=''
USE_VC4_SIMULATOR_FALSE=''
USE_VC4_SIMULATOR_TRUE=''
V3D_SIMULATOR_CFLAGS=''
V3D_SIMULATOR_LIBS=''
VALGRIND_CFLAGS=''
VALGRIND_LIBS=''
VA_CFLAGS=''
VA_LIBS=''
VA_LIB_INSTALL_DIR=''
VA_MAJOR=''
VA_MINOR=''
VC4_CFLAGS=''
VC4_LIBS=''
VDPAU_CFLAGS=''
VDPAU_LIBS=''
VDPAU_LIB_INSTALL_DIR=''
VDPAU_MAJOR=''
VDPAU_MINOR=''
VERSION='18.3.6'
VISIBILITY_CFLAGS=''
VISIBILITY_CXXFLAGS=''
VL_CFLAGS=''
VL_LIBS=''
VULKAN_ICD_INSTALL_DIR=''
WAYLAND_CLIENT_CFLAGS=''
WAYLAND_CLIENT_LIBS=''
WAYLAND_EGL_CFLAGS=''
WAYLAND_EGL_LIBS=''
WAYLAND_PROTOCOLS_CFLAGS=''
WAYLAND_PROTOCOLS_DATADIR=''
WAYLAND_PROTOCOLS_LIBS=''
WAYLAND_SCANNER=''
WAYLAND_SCANNER_CFLAGS=''
WAYLAND_SCANNER_LIBS=''
WAYLAND_SERVER_CFLAGS=''
WAYLAND_SERVER_LIBS=''
WNO_OVERRIDE_INIT=''
X11_INCLUDES=''
XA_MAJOR=''
XA_MINOR=''
XA_PATCH=''
XA_VERSION=''
XCB_DRI2_CFLAGS=''
XCB_DRI2_LIBS=''
XCB_DRI3_CFLAGS=''
XCB_DRI3_LIBS=''
XCB_DRI3_MODIFIERS_CFLAGS=''
XCB_DRI3_MODIFIERS_LIBS=''
XCB_RANDR_CFLAGS=''
XCB_RANDR_LIBS=''
XLIBGL_CFLAGS=''
XLIBGL_LIBS=''
XLIB_RANDR_CFLAGS=''
XLIB_RANDR_LIBS=''
XVMC_CFLAGS=''
XVMC_LIBS=''
XVMC_LIB_INSTALL_DIR=''
XVMC_MAJOR=''
XVMC_MINOR=''
YACC=''
YFLAGS=''
ZLIB_CFLAGS=''
ZLIB_LIBS=''
ac_ct_AR='ar'
ac_ct_CC='gcc'
ac_ct_CXX='g++'
ac_ct_DUMPBIN=''
acv_mako_found=''
am__EXEEXT_FALSE=''
am__EXEEXT_TRUE=''
am__fastdepCCAS_FALSE='#'
am__fastdepCCAS_TRUE=''
am__fastdepCC_FALSE='#'
am__fastdepCC_TRUE=''
am__fastdepCXX_FALSE='#'
am__fastdepCXX_TRUE=''
am__include='include'
am__isrc=''
am__leading_dot='.'
am__nodep='_no'
am__quote=''
am__tar='tar --format=ustar -chf - "$$tardir"'
am__untar='tar -xf -'
ax_pthread_config=''
bindir='${exec_prefix}/bin'
build='x86_64-pc-linux-gnu'
build_alias=''
build_cpu='x86_64'
build_os='linux-gnu'
build_vendor='pc'
datadir='${datarootdir}'
datarootdir='${prefix}/share'
docdir='${datarootdir}/doc/${PACKAGE_TARNAME}'
dvidir='${docdir}'
exec_prefix='NONE'
host='x86_64-pc-linux-gnu'
host_alias=''
host_cpu='x86_64'
host_os='linux-gnu'
host_vendor='pc'
htmldir='${docdir}'
ifGNUmake=''
includedir='${prefix}/include'
infodir='${datarootdir}/info'
install_sh='${SHELL} /home/shiji/new_mesa-18.3.6/mesa-18.3.6/bin/install-sh'
libdir='${exec_prefix}/lib'
libexecdir='${exec_prefix}/libexec'
localedir='${datarootdir}/locale'
localstatedir='${prefix}/var'
mandir='${datarootdir}/man'
mkdir_p='$(MKDIR_P)'
oldincludedir='/usr/include'
pdfdir='${docdir}'
pkgpyexecdir='${pyexecdir}/mesa'
pkgpythondir='${pythondir}/mesa'
prefix='NONE'
program_transform_name='s,x,x,'
psdir='${docdir}'
pyexecdir='${exec_prefix}/lib/python3.8/site-packages'
pythondir='${prefix}/lib/python3.8/site-packages'
sbindir='${exec_prefix}/sbin'
sharedstatedir='${prefix}/com'
sysconfdir='${prefix}/etc'
target='x86_64-pc-linux-gnu'
target_alias=''
target_cpu='x86_64'
target_os='linux-gnu'
target_vendor='pc'

## ----------- ##
## confdefs.h. ##
## ----------- ##

/* confdefs.h */
#define PACKAGE_NAME "Mesa"
#define PACKAGE_TARNAME "mesa"
#define PACKAGE_VERSION "18.3.6"
#define PACKAGE_STRING "Mesa 18.3.6"
#define PACKAGE_BUGREPORT "https://bugs.freedesktop.org/enter_bug.cgi?product=Mesa"
#define PACKAGE_URL ""
#define PACKAGE "mesa"
#define VERSION "18.3.6"
#define STDC_HEADERS 1
#define HAVE_SYS_TYPES_H 1
#define HAVE_SYS_STAT_H 1
#define HAVE_STDLIB_H 1
#define HAVE_STRING_H 1
#define HAVE_MEMORY_H 1

configure: caught signal 2
configure: exit 1
